2022-12-14 21:14:56,590 INFO  [Log] ** 
2022-12-14 21:14:56,590 INFO  [Log] ** 
2022-12-14 21:14:56,591 INFO  [Log] ############   My first test case is Login test ################ 
2022-12-14 21:14:56,591 INFO  [Log] ** 
2022-12-14 21:14:56,591 INFO  [Log] ** 
2022-12-14 21:14:56,591 INFO  [Log] My login test is going on 
2022-12-14 21:14:56,591 INFO  [Log] My test case might be failed 
2022-12-14 21:15:06,146 INFO  [Log] My test case is about to complete 
2022-12-14 21:15:06,146 INFO  [Log] ################################## 
2022-12-14 21:15:06,146 INFO  [Log] ########################################## 
2022-12-14 21:15:06,146 INFO  [Log] ############   This is my login test again ################ 
2022-12-14 21:15:06,146 INFO  [Log] ########################## 
2022-12-14 21:15:06,146 INFO  [Log] ########################################## 
2022-12-15 14:29:26,208 INFO  [Log] ** 
2022-12-15 14:29:26,208 INFO  [Log] ** 
2022-12-15 14:29:26,209 INFO  [Log] ############   My first test case is Login test ################ 
2022-12-15 14:29:26,209 INFO  [Log] ** 
2022-12-15 14:29:26,209 INFO  [Log] ** 
2022-12-15 14:29:26,209 INFO  [Log] My login test is going on 
2022-12-15 14:29:26,209 INFO  [Log] My test case might be failed 
2022-12-15 14:29:30,611 INFO  [Log] My test case is about to complete 
2022-12-15 14:29:30,611 INFO  [Log] ################################## 
2022-12-15 14:29:30,611 INFO  [Log] ########################################## 
2022-12-15 14:29:30,611 INFO  [Log] ############   This is my login test again ################ 
2022-12-15 14:29:30,611 INFO  [Log] ########################## 
2022-12-15 14:29:30,611 INFO  [Log] ########################################## 
2022-12-15 14:29:37,667 INFO  [Log] ** 
2022-12-15 14:29:37,667 INFO  [Log] ** 
2022-12-15 14:29:37,668 INFO  [Log] ############   My first test case is Login test ################ 
2022-12-15 14:29:37,668 INFO  [Log] ** 
2022-12-15 14:29:37,668 INFO  [Log] ** 
2022-12-15 14:29:37,668 INFO  [Log] My login test is going on 
2022-12-15 14:29:37,668 INFO  [Log] My test case might be failed 
2022-12-15 14:29:40,644 INFO  [Log] My test case is about to complete 
2022-12-15 14:29:40,644 INFO  [Log] ################################## 
2022-12-15 14:29:40,644 INFO  [Log] ########################################## 
2022-12-15 14:29:40,644 INFO  [Log] ############   This is my login test again ################ 
2022-12-15 14:29:40,644 INFO  [Log] ########################## 
2022-12-15 14:29:40,644 INFO  [Log] ########################################## 
2022-12-15 14:30:46,820 INFO  [Log] ** 
2022-12-15 14:30:46,821 INFO  [Log] ** 
2022-12-15 14:30:46,821 INFO  [Log] ############   My first test case is Login test ################ 
2022-12-15 14:30:46,821 INFO  [Log] ** 
2022-12-15 14:30:46,821 INFO  [Log] ** 
2022-12-15 14:30:46,821 INFO  [Log] My login test is going on 
2022-12-15 14:30:46,821 INFO  [Log] My test case might be failed 
2022-12-15 14:30:50,961 INFO  [Log] My test case is about to complete 
2022-12-15 14:30:50,961 INFO  [Log] ################################## 
2022-12-15 14:30:50,961 INFO  [Log] ########################################## 
2022-12-15 14:30:50,961 INFO  [Log] ############   This is my login test again ################ 
2022-12-15 14:30:50,961 INFO  [Log] ########################## 
2022-12-15 14:30:50,961 INFO  [Log] ########################################## 
2022-12-15 14:30:57,876 INFO  [Log] ** 
2022-12-15 14:30:57,876 INFO  [Log] ** 
2022-12-15 14:30:57,876 INFO  [Log] ############   My first test case is Login test ################ 
2022-12-15 14:30:57,876 INFO  [Log] ** 
2022-12-15 14:30:57,876 INFO  [Log] ** 
2022-12-15 14:30:57,876 INFO  [Log] My login test is going on 
2022-12-15 14:30:57,876 INFO  [Log] My test case might be failed 
2022-12-15 14:31:00,776 INFO  [Log] My test case is about to complete 
2022-12-15 14:31:00,776 INFO  [Log] ################################## 
2022-12-15 14:31:00,776 INFO  [Log] ########################################## 
2022-12-15 14:31:00,776 INFO  [Log] ############   This is my login test again ################ 
2022-12-15 14:31:00,776 INFO  [Log] ########################## 
2022-12-15 14:31:00,776 INFO  [Log] ########################################## 
2022-12-15 14:35:50,439 INFO  [Log] ** 
2022-12-15 14:35:50,439 INFO  [Log] ** 
2022-12-15 14:35:50,439 INFO  [Log] ############   My first test case is Login test ################ 
2022-12-15 14:35:50,439 INFO  [Log] ** 
2022-12-15 14:35:50,439 INFO  [Log] ** 
2022-12-15 14:35:50,439 INFO  [Log] My login test is going on 
2022-12-15 14:35:50,439 INFO  [Log] My test case might be failed 
2022-12-15 14:35:53,371 INFO  [Log] My test case is about to complete 
2022-12-15 14:35:53,372 INFO  [Log] ################################## 
2022-12-15 14:35:53,372 INFO  [Log] ########################################## 
2022-12-15 14:35:53,372 INFO  [Log] ############   This is my login test again ################ 
2022-12-15 14:35:53,372 INFO  [Log] ########################## 
2022-12-15 14:35:53,372 INFO  [Log] ########################################## 
2022-12-15 14:36:51,188 INFO  [Log] ** 
2022-12-15 14:36:51,188 INFO  [Log] ** 
2022-12-15 14:36:51,188 INFO  [Log] ############   My first test case is Login test ################ 
2022-12-15 14:36:51,188 INFO  [Log] ** 
2022-12-15 14:36:51,188 INFO  [Log] ** 
2022-12-15 14:36:51,188 INFO  [Log] My login test is going on 
2022-12-15 14:36:51,188 INFO  [Log] My test case might be failed 
2022-12-15 14:36:54,098 INFO  [Log] My test case is about to complete 
2022-12-15 14:36:54,098 INFO  [Log] ################################## 
2022-12-15 14:36:54,098 INFO  [Log] ########################################## 
2022-12-15 14:36:54,098 INFO  [Log] ############   This is my login test again ################ 
2022-12-15 14:36:54,098 INFO  [Log] ########################## 
2022-12-15 14:36:54,098 INFO  [Log] ########################################## 
2022-12-15 17:08:08,605 INFO  [Log] ** 
2022-12-15 17:08:08,606 INFO  [Log] ** 
2022-12-15 17:08:08,606 INFO  [Log] ############   My first test case is Login test ################ 
2022-12-15 17:08:08,606 INFO  [Log] ** 
2022-12-15 17:08:08,606 INFO  [Log] ** 
2022-12-15 17:08:08,606 INFO  [Log] My login test is going on 
2022-12-15 17:08:08,606 INFO  [Log] My test case might be failed 
2022-12-15 17:08:12,737 INFO  [Log] My test case is about to complete 
2022-12-15 17:08:12,738 INFO  [Log] ################################## 
2022-12-15 17:08:12,738 INFO  [Log] ########################################## 
2022-12-15 17:08:12,738 INFO  [Log] ############   This is my login test again ################ 
2022-12-15 17:08:12,738 INFO  [Log] ########################## 
2022-12-15 17:08:12,738 INFO  [Log] ########################################## 
2022-12-15 17:08:20,087 INFO  [Log] ** 
2022-12-15 17:08:20,088 INFO  [Log] ** 
2022-12-15 17:08:20,088 INFO  [Log] ############   My first test case is Login test ################ 
2022-12-15 17:08:20,088 INFO  [Log] ** 
2022-12-15 17:08:20,088 INFO  [Log] ** 
2022-12-15 17:08:20,088 INFO  [Log] My login test is going on 
2022-12-15 17:08:20,088 INFO  [Log] My test case might be failed 
2022-12-15 17:08:23,039 INFO  [Log] My test case is about to complete 
2022-12-15 17:08:23,039 INFO  [Log] ################################## 
2022-12-15 17:08:23,039 INFO  [Log] ########################################## 
2022-12-15 17:08:23,039 INFO  [Log] ############   This is my login test again ################ 
2022-12-15 17:08:23,039 INFO  [Log] ########################## 
2022-12-15 17:08:23,039 INFO  [Log] ########################################## 
2022-12-15 17:15:28,613 INFO  [Log] ** 
2022-12-15 17:15:28,613 INFO  [Log] ** 
2022-12-15 17:15:28,614 INFO  [Log] ############   My first test case is Login test ################ 
2022-12-15 17:15:28,614 INFO  [Log] ** 
2022-12-15 17:15:28,614 INFO  [Log] ** 
2022-12-15 17:15:28,614 INFO  [Log] My login test is going on 
2022-12-15 17:15:28,614 INFO  [Log] My test case might be failed 
2022-12-15 17:15:32,434 INFO  [Log] My test case is about to complete 
2022-12-15 17:15:32,434 INFO  [Log] ################################## 
2022-12-15 17:15:32,434 INFO  [Log] ########################################## 
2022-12-15 17:15:32,434 INFO  [Log] ############   This is my login test again ################ 
2022-12-15 17:15:32,434 INFO  [Log] ########################## 
2022-12-15 17:15:32,434 INFO  [Log] ########################################## 
2022-12-15 17:15:38,963 INFO  [Log] ** 
2022-12-15 17:15:38,963 INFO  [Log] ** 
2022-12-15 17:15:38,963 INFO  [Log] ############   My first test case is Login test ################ 
2022-12-15 17:15:38,963 INFO  [Log] ** 
2022-12-15 17:15:38,963 INFO  [Log] ** 
2022-12-15 17:15:38,963 INFO  [Log] My login test is going on 
2022-12-15 17:15:38,963 INFO  [Log] My test case might be failed 
2022-12-15 17:15:41,780 INFO  [Log] My test case is about to complete 
2022-12-15 17:15:41,780 INFO  [Log] ################################## 
2022-12-15 17:15:41,780 INFO  [Log] ########################################## 
2022-12-15 17:15:41,780 INFO  [Log] ############   This is my login test again ################ 
2022-12-15 17:15:41,780 INFO  [Log] ########################## 
2022-12-15 17:15:41,780 INFO  [Log] ########################################## 
2022-12-15 21:24:57,063 INFO  [Log] ** 
2022-12-15 21:24:57,064 INFO  [Log] ** 
2022-12-15 21:24:57,065 INFO  [Log] ############   My first test case is Login test ################ 
2022-12-15 21:24:57,065 INFO  [Log] ** 
2022-12-15 21:24:57,065 INFO  [Log] ** 
2022-12-15 21:24:57,065 INFO  [Log] My login test is going on 
2022-12-15 21:24:57,065 INFO  [Log] My test case might be failed 
2022-12-15 21:25:01,110 INFO  [Log] My test case is about to complete 
2022-12-15 21:25:01,110 INFO  [Log] ################################## 
2022-12-15 21:25:01,110 INFO  [Log] ########################################## 
2022-12-15 21:25:01,110 INFO  [Log] ############   This is my login test again ################ 
2022-12-15 21:25:01,110 INFO  [Log] ########################## 
2022-12-15 21:25:01,110 INFO  [Log] ########################################## 
2022-12-15 21:25:07,055 INFO  [Log] ** 
2022-12-15 21:25:07,055 INFO  [Log] ** 
2022-12-15 21:25:07,055 INFO  [Log] ############   My first test case is Login test ################ 
2022-12-15 21:25:07,055 INFO  [Log] ** 
2022-12-15 21:25:07,055 INFO  [Log] ** 
2022-12-15 21:25:07,055 INFO  [Log] My login test is going on 
2022-12-15 21:25:07,055 INFO  [Log] My test case might be failed 
2022-12-15 21:25:09,969 INFO  [Log] My test case is about to complete 
2022-12-15 21:25:09,969 INFO  [Log] ################################## 
2022-12-15 21:25:09,969 INFO  [Log] ########################################## 
2022-12-15 21:25:09,969 INFO  [Log] ############   This is my login test again ################ 
2022-12-15 21:25:09,969 INFO  [Log] ########################## 
2022-12-15 21:25:09,969 INFO  [Log] ########################################## 
